[debug] [2025-12-18T23:15:33.640Z] ----------------------------------------------------------------------
[debug] [2025-12-18T23:15:33.643Z] Command:       /nix/store/ixbb20farqh1f4fqbmsn6b1ixn8mc8ij-nodejs-20.18.1/bin/node /home/user/.global_modules/bin/firebase init apphosting
[debug] [2025-12-18T23:15:33.644Z] CLI Version:   15.1.0
[debug] [2025-12-18T23:15:33.644Z] Platform:      linux
[debug] [2025-12-18T23:15:33.644Z] Node Version:  v20.18.1
[debug] [2025-12-18T23:15:33.644Z] Time:          Thu Dec 18 2025 23:15:33 GMT+0000 (Coordinated Universal Time)
[debug] [2025-12-18T23:15:33.644Z] ----------------------------------------------------------------------
[debug] 
[debug] [2025-12-18T23:15:34.709Z] Checked if tokens are valid: true, expires at: 1766100973147
[debug] [2025-12-18T23:15:34.709Z] Checked if tokens are valid: true, expires at: 1766100973147
[debug] [2025-12-18T23:15:34.713Z] >>> [apiv2][query] GET https://monospace-pa.googleapis.com/v1/workspaces/dispute-it-22309275 [none]
[debug] [2025-12-18T23:15:35.495Z] <<< [apiv2][status] GET https://monospace-pa.googleapis.com/v1/workspaces/dispute-it-22309275 200
[debug] [2025-12-18T23:15:35.495Z] <<< [apiv2][body] GET https://monospace-pa.googleapis.com/v1/workspaces/dispute-it-22309275 {"workspaceId":"dispute-it-22309275","name":"dispute-it","workspaceRedirectUrl":"firebase-dispute-it-1766024954107.cluster-j6d3cbsvdbe5uxnhqrfzzeyj7i.cloudworkstations.dev","status":"WORKSPACE_STATUS_RUNNING","lastAccessDatetime":"2025-12-18T23:09:10.904024Z","workspaceTemplate":"WORKSPACE_TEMPLATE_BLANK_WEB","owner":"SELF","serviceAccountEmail":"msp-1946298193308169054@monospace-per-ws-sa-8.iam.gserviceaccount.com","enableNix":true,"ownerEmail":"mitchell.allen78@gmail.com","workspaceImageUrl":"https://www.gstatic.com/monospace/231115/logo_nextjs.svg","templateArgs":"{\"language\":\"ts\",\"srcDir\":false,\"eslint\":true,\"app\":false,\"tailwind\":true,\"__agentic_workspace\":true}","templateRepoUrl":"file:///usr/local/monospace/templates/public/nextjs","workstationAccessToken":"eyJhbGciOiJSUzI1NiIsInR5cCI6IkpXVCJ9.eyJpc3MiOiJodHRwczovL2Nsb3VkLmdvb2dsZS5jb20vd29ya3N0YXRpb25zIiwiYXVkIjoiZmlyZWJhc2UtZGlzcHV0ZS1pdC0xNzY2MDI0OTU0MTA3LmNsdXN0ZXItajZkM2Nic3ZkYmU1dXhuaHFyZnp6ZXlqN2kuY2xvdWR3b3Jrc3RhdGlvbnMuZGV2IiwiaWF0IjoxNzY2MDk5NzM1LCJleHAiOjE3NjYxODYxMzV9.wve8xkZf4D4c_SC7e5YLm2G5vFc6pb8dCIfRXOjzBh2OXUhQ_V-UvdhqT0ZGIXdfx-J_jBw9Kwm2DsoD8pRL_mJle8BIfqvhSiDvUNXXVJmBuFaJsLhElk7WSakhYM-0OILySI29Zhy-U1i-suGWfa-sSYxho00HwlOjXC7tPPD_V9EuqPdlYSBqAK_24lkaFcDjtk56D1s2ddSRVInpfc_zyLd-M_d7u0mvm_qOAXR4KBulk4WautfWXrl9YrXWioM-gKlApqEsS-aafW8hUsNFBA62BRAbueBVzNeNzwK9fGjd_zVpANkgyE7rvNM2hpl_j5ObcnkHLGxes9lnXg","firebaseProjectId":"dispupteit"}
[info] 
     ######## #### ########  ######## ########     ###     ######  ########
     ##        ##  ##     ## ##       ##     ##  ##   ##  ##       ##
     ######    ##  ########  ######   ########  #########  ######  ######
     ##        ##  ##    ##  ##       ##     ## ##     ##       ## ##
     ##       #### ##     ## ######## ########  ##     ##  ######  ########

You're about to initialize a Firebase project in this directory:

  /home/user/dispute-it

[info] 
=== Project Setup
[info] 
[info] First, let's associate this project directory with a Firebase project.
[info] You can create multiple project aliases by running firebase use --add, 
[info] 
[debug] [2025-12-18T23:15:35.507Z] > command requires scopes: ["email","openid","https://www.googleapis.com/auth/cloudplatformprojects.readonly","https://www.googleapis.com/auth/firebase","https://www.googleapis.com/auth/cloud-platform","https://www.googleapis.com/auth/userinfo.email"]
[debug] [2025-12-18T23:15:35.510Z] > authorizing via signed-in user (mitchell.allen78@gmail.com)
[debug] [2025-12-18T23:15:35.510Z] Checked if tokens are valid: true, expires at: 1766100973147
[debug] [2025-12-18T23:15:35.511Z] Checked if tokens are valid: true, expires at: 1766100973147
[debug] [2025-12-18T23:15:35.511Z] >>> [apiv2][query] GET https://firebase.googleapis.com/v1beta1/projects/dispupteit [none]
[debug] [2025-12-18T23:15:35.685Z] <<< [apiv2][status] GET https://firebase.googleapis.com/v1beta1/projects/dispupteit 200
[debug] [2025-12-18T23:15:35.686Z] <<< [apiv2][body] GET https://firebase.googleapis.com/v1beta1/projects/dispupteit {"projectId":"dispupteit","projectNumber":"583065816664","displayName":"DispupteIt","name":"projects/dispupteit","resources":{"hostingSite":"dispupteit"},"state":"ACTIVE","etag":"1_a5eb41db-1687-4d61-a38e-9c208b3c81b9"}
[info] i  Using project dispupteit (DispupteIt) . 
[info] 
=== App Hosting Setup
[debug] [2025-12-18T23:15:35.706Z] Checked if tokens are valid: true, expires at: 1766100973147
[debug] [2025-12-18T23:15:35.706Z] Checked if tokens are valid: true, expires at: 1766100973147
[debug] [2025-12-18T23:15:35.706Z] >>> [apiv2][query] GET https://cloudbilling.googleapis.com/v1/projects/dispupteit/billingInfo [none]
[debug] [2025-12-18T23:15:35.799Z] <<< [apiv2][status] GET https://cloudbilling.googleapis.com/v1/projects/dispupteit/billingInfo 200
[debug] [2025-12-18T23:15:35.799Z] <<< [apiv2][body] GET https://cloudbilling.googleapis.com/v1/projects/dispupteit/billingInfo {"name":"projects/dispupteit/billingInfo","projectId":"dispupteit","billingAccountName":"billingAccounts/015F7C-F09FF4-2BB3BB","billingEnabled":true}
[debug] [2025-12-18T23:15:35.800Z] Checked if tokens are valid: true, expires at: 1766100973147
[debug] [2025-12-18T23:15:35.801Z] Checked if tokens are valid: true, expires at: 1766100973147
[debug] [2025-12-18T23:15:35.803Z] >>> [apiv2][query] GET https://serviceusage.googleapis.com/v1/projects/dispupteit/services/firebaseapphosting.googleapis.com [none]
[debug] [2025-12-18T23:15:35.803Z] >>> [apiv2][(partial)header] GET https://serviceusage.googleapis.com/v1/projects/dispupteit/services/firebaseapphosting.googleapis.com x-goog-quota-user=projects/dispupteit
[debug] [2025-12-18T23:15:35.912Z] <<< [apiv2][status] GET https://serviceusage.googleapis.com/v1/projects/dispupteit/services/firebaseapphosting.googleapis.com 200
[debug] [2025-12-18T23:15:35.912Z] <<< [apiv2][body] GET https://serviceusage.googleapis.com/v1/projects/dispupteit/services/firebaseapphosting.googleapis.com [omitted]
[debug] [2025-12-18T23:15:35.913Z] Checked if tokens are valid: true, expires at: 1766100973147
[debug] [2025-12-18T23:15:35.913Z] Checked if tokens are valid: true, expires at: 1766100973147
[debug] [2025-12-18T23:15:35.915Z] >>> [apiv2][query] POST https://serviceusage.googleapis.com/v1/projects/dispupteit/services/firebaseapphosting.googleapis.com:enable [none]
[debug] [2025-12-18T23:15:35.915Z] >>> [apiv2][(partial)header] POST https://serviceusage.googleapis.com/v1/projects/dispupteit/services/firebaseapphosting.googleapis.com:enable x-goog-quota-user=projects/dispupteit
[debug] [2025-12-18T23:15:36.203Z] <<< [apiv2][status] POST https://serviceusage.googleapis.com/v1/projects/dispupteit/services/firebaseapphosting.googleapis.com:enable 200
[debug] [2025-12-18T23:15:36.203Z] <<< [apiv2][body] POST https://serviceusage.googleapis.com/v1/projects/dispupteit/services/firebaseapphosting.googleapis.com:enable [omitted]
[debug] [2025-12-18T23:15:46.219Z] Checked if tokens are valid: true, expires at: 1766100973147
[debug] [2025-12-18T23:15:46.219Z] Checked if tokens are valid: true, expires at: 1766100973147
[debug] [2025-12-18T23:15:46.220Z] Checked if tokens are valid: true, expires at: 1766100973147
[debug] [2025-12-18T23:15:46.220Z] Checked if tokens are valid: true, expires at: 1766100973147
[debug] [2025-12-18T23:15:46.220Z] Checked if tokens are valid: true, expires at: 1766100973147
[debug] [2025-12-18T23:15:46.220Z] Checked if tokens are valid: true, expires at: 1766100973147
[debug] [2025-12-18T23:15:46.221Z] Checked if tokens are valid: true, expires at: 1766100973147
[debug] [2025-12-18T23:15:46.221Z] Checked if tokens are valid: true, expires at: 1766100973147
[debug] [2025-12-18T23:15:46.221Z] Checked if tokens are valid: true, expires at: 1766100973147
[debug] [2025-12-18T23:15:46.221Z] Checked if tokens are valid: true, expires at: 1766100973147
[debug] [2025-12-18T23:15:46.222Z] Checked if tokens are valid: true, expires at: 1766100973147
[debug] [2025-12-18T23:15:46.222Z] Checked if tokens are valid: true, expires at: 1766100973147
[debug] [2025-12-18T23:15:46.222Z] >>> [apiv2][query] GET https://serviceusage.googleapis.com/v1/projects/dispupteit/services/developerconnect.googleapis.com [none]
[debug] [2025-12-18T23:15:46.222Z] >>> [apiv2][(partial)header] GET https://serviceusage.googleapis.com/v1/projects/dispupteit/services/developerconnect.googleapis.com x-goog-quota-user=projects/dispupteit
[debug] [2025-12-18T23:15:46.229Z] >>> [apiv2][query] GET https://serviceusage.googleapis.com/v1/projects/dispupteit/services/cloudbuild.googleapis.com [none]
[debug] [2025-12-18T23:15:46.229Z] >>> [apiv2][(partial)header] GET https://serviceusage.googleapis.com/v1/projects/dispupteit/services/cloudbuild.googleapis.com x-goog-quota-user=projects/dispupteit
[debug] [2025-12-18T23:15:46.232Z] >>> [apiv2][query] GET https://serviceusage.googleapis.com/v1/projects/dispupteit/services/secretmanager.googleapis.com [none]
[debug] [2025-12-18T23:15:46.232Z] >>> [apiv2][(partial)header] GET https://serviceusage.googleapis.com/v1/projects/dispupteit/services/secretmanager.googleapis.com x-goog-quota-user=projects/dispupteit
[debug] [2025-12-18T23:15:46.234Z] >>> [apiv2][query] GET https://serviceusage.googleapis.com/v1/projects/dispupteit/services/run.googleapis.com [none]
[debug] [2025-12-18T23:15:46.234Z] >>> [apiv2][(partial)header] GET https://serviceusage.googleapis.com/v1/projects/dispupteit/services/run.googleapis.com x-goog-quota-user=projects/dispupteit
[debug] [2025-12-18T23:15:46.236Z] >>> [apiv2][query] GET https://serviceusage.googleapis.com/v1/projects/dispupteit/services/artifactregistry.googleapis.com [none]
[debug] [2025-12-18T23:15:46.236Z] >>> [apiv2][(partial)header] GET https://serviceusage.googleapis.com/v1/projects/dispupteit/services/artifactregistry.googleapis.com x-goog-quota-user=projects/dispupteit
[debug] [2025-12-18T23:15:46.238Z] >>> [apiv2][query] GET https://serviceusage.googleapis.com/v1/projects/dispupteit/services/iam.googleapis.com [none]
[debug] [2025-12-18T23:15:46.238Z] >>> [apiv2][(partial)header] GET https://serviceusage.googleapis.com/v1/projects/dispupteit/services/iam.googleapis.com x-goog-quota-user=projects/dispupteit
[debug] [2025-12-18T23:15:46.349Z] <<< [apiv2][status] GET https://serviceusage.googleapis.com/v1/projects/dispupteit/services/secretmanager.googleapis.com 200
[debug] [2025-12-18T23:15:46.349Z] <<< [apiv2][body] GET https://serviceusage.googleapis.com/v1/projects/dispupteit/services/secretmanager.googleapis.com [omitted]
[debug] [2025-12-18T23:15:46.367Z] <<< [apiv2][status] GET https://serviceusage.googleapis.com/v1/projects/dispupteit/services/developerconnect.googleapis.com 200
[debug] [2025-12-18T23:15:46.370Z] <<< [apiv2][body] GET https://serviceusage.googleapis.com/v1/projects/dispupteit/services/developerconnect.googleapis.com [omitted]
[debug] [2025-12-18T23:15:46.370Z] Checked if tokens are valid: true, expires at: 1766100973147
[debug] [2025-12-18T23:15:46.370Z] Checked if tokens are valid: true, expires at: 1766100973147
[debug] [2025-12-18T23:15:46.370Z] >>> [apiv2][query] POST https://serviceusage.googleapis.com/v1/projects/dispupteit/services/developerconnect.googleapis.com:enable [none]
[debug] [2025-12-18T23:15:46.370Z] >>> [apiv2][(partial)header] POST https://serviceusage.googleapis.com/v1/projects/dispupteit/services/developerconnect.googleapis.com:enable x-goog-quota-user=projects/dispupteit
[debug] [2025-12-18T23:15:46.378Z] <<< [apiv2][status] GET https://serviceusage.googleapis.com/v1/projects/dispupteit/services/cloudbuild.googleapis.com 200
[debug] [2025-12-18T23:15:46.379Z] <<< [apiv2][body] GET https://serviceusage.googleapis.com/v1/projects/dispupteit/services/cloudbuild.googleapis.com [omitted]
[debug] [2025-12-18T23:15:46.393Z] <<< [apiv2][status] GET https://serviceusage.googleapis.com/v1/projects/dispupteit/services/artifactregistry.googleapis.com 200
[debug] [2025-12-18T23:15:46.393Z] <<< [apiv2][body] GET https://serviceusage.googleapis.com/v1/projects/dispupteit/services/artifactregistry.googleapis.com [omitted]
[debug] [2025-12-18T23:15:46.404Z] <<< [apiv2][status] GET https://serviceusage.googleapis.com/v1/projects/dispupteit/services/iam.googleapis.com 200
[debug] [2025-12-18T23:15:46.407Z] <<< [apiv2][body] GET https://serviceusage.googleapis.com/v1/projects/dispupteit/services/iam.googleapis.com [omitted]
[debug] [2025-12-18T23:15:46.418Z] <<< [apiv2][status] GET https://serviceusage.googleapis.com/v1/projects/dispupteit/services/run.googleapis.com 200
[debug] [2025-12-18T23:15:46.419Z] <<< [apiv2][body] GET https://serviceusage.googleapis.com/v1/projects/dispupteit/services/run.googleapis.com [omitted]
[debug] [2025-12-18T23:15:46.550Z] <<< [apiv2][status] POST https://serviceusage.googleapis.com/v1/projects/dispupteit/services/developerconnect.googleapis.com:enable 200
[debug] [2025-12-18T23:15:46.550Z] <<< [apiv2][body] POST https://serviceusage.googleapis.com/v1/projects/dispupteit/services/developerconnect.googleapis.com:enable [omitted]
[debug] [2025-12-18T23:15:56.568Z] Checked if tokens are valid: true, expires at: 1766100973147
[debug] [2025-12-18T23:15:56.568Z] Checked if tokens are valid: true, expires at: 1766100973147
[debug] [2025-12-18T23:15:56.569Z] >>> [apiv2][query] POST https://iam.googleapis.com/v1/projects/dispupteit/serviceAccounts/firebase-app-hosting-compute@dispupteit.iam.gserviceaccount.com:testIamPermissions [none]
[debug] [2025-12-18T23:15:56.569Z] >>> [apiv2][(partial)header] POST https://iam.googleapis.com/v1/projects/dispupteit/serviceAccounts/firebase-app-hosting-compute@dispupteit.iam.gserviceaccount.com:testIamPermissions x-goog-quota-user=projects/dispupteit
[debug] [2025-12-18T23:15:56.569Z] >>> [apiv2][body] POST https://iam.googleapis.com/v1/projects/dispupteit/serviceAccounts/firebase-app-hosting-compute@dispupteit.iam.gserviceaccount.com:testIamPermissions {"permissions":["iam.serviceAccounts.actAs"]}
[debug] [2025-12-18T23:15:56.652Z] <<< [apiv2][status] POST https://iam.googleapis.com/v1/projects/dispupteit/serviceAccounts/firebase-app-hosting-compute@dispupteit.iam.gserviceaccount.com:testIamPermissions 404
[debug] [2025-12-18T23:15:56.653Z] <<< [apiv2][body] POST https://iam.googleapis.com/v1/projects/dispupteit/serviceAccounts/firebase-app-hosting-compute@dispupteit.iam.gserviceaccount.com:testIamPermissions {"error":{"code":404,"message":"Unknown service account","status":"NOT_FOUND"}}
[debug] [2025-12-18T23:15:56.655Z] Checked if tokens are valid: true, expires at: 1766100973147
[debug] [2025-12-18T23:15:56.655Z] Checked if tokens are valid: true, expires at: 1766100973147
[debug] [2025-12-18T23:15:56.655Z] >>> [apiv2][query] POST https://iam.googleapis.com/v1/projects/dispupteit/serviceAccounts [none]
[debug] [2025-12-18T23:15:56.655Z] >>> [apiv2][body] POST https://iam.googleapis.com/v1/projects/dispupteit/serviceAccounts {"accountId":"firebase-app-hosting-compute","serviceAccount":{"displayName":"Firebase App Hosting compute service account","description":"Default service account used to run builds and deploys for Firebase App Hosting"}}
[debug] [2025-12-18T23:15:56.881Z] <<< [apiv2][status] POST https://iam.googleapis.com/v1/projects/dispupteit/serviceAccounts 200
[debug] [2025-12-18T23:15:56.881Z] <<< [apiv2][body] POST https://iam.googleapis.com/v1/projects/dispupteit/serviceAccounts [omitted]
[debug] [2025-12-18T23:15:56.882Z] Checked if tokens are valid: true, expires at: 1766100973147
[debug] [2025-12-18T23:15:56.882Z] Checked if tokens are valid: true, expires at: 1766100973147
[debug] [2025-12-18T23:15:56.883Z] >>> [apiv2][query] POST https://cloudresourcemanager.googleapis.com/v1/projects/dispupteit:getIamPolicy [none]
[debug] [2025-12-18T23:15:57.021Z] <<< [apiv2][status] POST https://cloudresourcemanager.googleapis.com/v1/projects/dispupteit:getIamPolicy 200
[debug] [2025-12-18T23:15:57.021Z] <<< [apiv2][body] POST https://cloudresourcemanager.googleapis.com/v1/projects/dispupteit:getIamPolicy {"version":1,"etag":"BwZGQiPDeZo=","bindings":[{"role":"roles/cloudbuild.builds.builder","members":["serviceAccount:583065816664@cloudbuild.gserviceaccount.com"]},{"role":"roles/cloudbuild.serviceAgent","members":["serviceAccount:service-583065816664@gcp-sa-cloudbuild.iam.gserviceaccount.com"]},{"role":"roles/containerregistry.ServiceAgent","members":["serviceAccount:service-583065816664@containerregistry.iam.gserviceaccount.com"]},{"role":"roles/editor","members":["serviceAccount:583065816664-compute@developer.gserviceaccount.com"]},{"role":"roles/firebase.managementServiceAgent","members":["serviceAccount:service-583065816664@gcp-sa-firebase.iam.gserviceaccount.com"]},{"role":"roles/firebase.sdkAdminServiceAgent","members":["serviceAccount:firebase-adminsdk-fbsvc@dispupteit.iam.gserviceaccount.com"]},{"role":"roles/firebaserules.system","members":["serviceAccount:service-583065816664@firebase-rules.iam.gserviceaccount.com"]},{"role":"roles/firestore.serviceAgent","members":["serviceAccount:service-583065816664@gcp-sa-firestore.iam.gserviceaccount.com"]},{"role":"roles/iam.serviceAccountTokenCreator","members":["serviceAccount:firebase-adminsdk-fbsvc@dispupteit.iam.gserviceaccount.com"]},{"role":"roles/owner","members":["user:mitchell.allen78@gmail.com"]},{"role":"roles/run.serviceAgent","members":["serviceAccount:service-583065816664@serverless-robot-prod.iam.gserviceaccount.com"]}]}
[debug] [2025-12-18T23:15:57.023Z] Checked if tokens are valid: true, expires at: 1766100973147
[debug] [2025-12-18T23:15:57.023Z] Checked if tokens are valid: true, expires at: 1766100973147
[debug] [2025-12-18T23:15:57.023Z] >>> [apiv2][query] POST https://cloudresourcemanager.googleapis.com/v1/projects/dispupteit:setIamPolicy [none]
[debug] [2025-12-18T23:15:57.024Z] >>> [apiv2][body] POST https://cloudresourcemanager.googleapis.com/v1/projects/dispupteit:setIamPolicy {"policy":{"version":1,"etag":"BwZGQiPDeZo=","bindings":[{"role":"roles/cloudbuild.builds.builder","members":["serviceAccount:583065816664@cloudbuild.gserviceaccount.com"]},{"role":"roles/cloudbuild.serviceAgent","members":["serviceAccount:service-583065816664@gcp-sa-cloudbuild.iam.gserviceaccount.com"]},{"role":"roles/containerregistry.ServiceAgent","members":["serviceAccount:service-583065816664@containerregistry.iam.gserviceaccount.com"]},{"role":"roles/editor","members":["serviceAccount:583065816664-compute@developer.gserviceaccount.com"]},{"role":"roles/firebase.managementServiceAgent","members":["serviceAccount:service-583065816664@gcp-sa-firebase.iam.gserviceaccount.com"]},{"role":"roles/firebase.sdkAdminServiceAgent","members":["serviceAccount:firebase-adminsdk-fbsvc@dispupteit.iam.gserviceaccount.com","serviceAccount:firebase-app-hosting-compute@dispupteit.iam.gserviceaccount.com"]},{"role":"roles/firebaserules.system","members":["serviceAccount:service-583065816664@firebase-rules.iam.gserviceaccount.com"]},{"role":"roles/firestore.serviceAgent","members":["serviceAccount:service-583065816664@gcp-sa-firestore.iam.gserviceaccount.com"]},{"role":"roles/iam.serviceAccountTokenCreator","members":["serviceAccount:firebase-adminsdk-fbsvc@dispupteit.iam.gserviceaccount.com"]},{"role":"roles/owner","members":["user:mitchell.allen78@gmail.com"]},{"role":"roles/run.serviceAgent","members":["serviceAccount:service-583065816664@serverless-robot-prod.iam.gserviceaccount.com"]},{"role":"roles/firebaseapphosting.computeRunner","members":["serviceAccount:firebase-app-hosting-compute@dispupteit.iam.gserviceaccount.com"]},{"role":"roles/developerconnect.readTokenAccessor","members":["serviceAccount:firebase-app-hosting-compute@dispupteit.iam.gserviceaccount.com"]},{"role":"roles/storage.objectViewer","members":["serviceAccount:firebase-app-hosting-compute@dispupteit.iam.gserviceaccount.com"]}]},"updateMask":"bindings"}
[debug] [2025-12-18T23:15:57.370Z] <<< [apiv2][status] POST https://cloudresourcemanager.googleapis.com/v1/projects/dispupteit:setIamPolicy 200
[debug] [2025-12-18T23:15:57.370Z] <<< [apiv2][body] POST https://cloudresourcemanager.googleapis.com/v1/projects/dispupteit:setIamPolicy {"version":1,"etag":"BwZGQiSsq+k=","bindings":[{"role":"roles/cloudbuild.builds.builder","members":["serviceAccount:583065816664@cloudbuild.gserviceaccount.com"]},{"role":"roles/cloudbuild.serviceAgent","members":["serviceAccount:service-583065816664@gcp-sa-cloudbuild.iam.gserviceaccount.com"]},{"role":"roles/containerregistry.ServiceAgent","members":["serviceAccount:service-583065816664@containerregistry.iam.gserviceaccount.com"]},{"role":"roles/developerconnect.readTokenAccessor","members":["serviceAccount:firebase-app-hosting-compute@dispupteit.iam.gserviceaccount.com"]},{"role":"roles/editor","members":["serviceAccount:583065816664-compute@developer.gserviceaccount.com"]},{"role":"roles/firebase.managementServiceAgent","members":["serviceAccount:service-583065816664@gcp-sa-firebase.iam.gserviceaccount.com"]},{"role":"roles/firebase.sdkAdminServiceAgent","members":["serviceAccount:firebase-adminsdk-fbsvc@dispupteit.iam.gserviceaccount.com","serviceAccount:firebase-app-hosting-compute@dispupteit.iam.gserviceaccount.com"]},{"role":"roles/firebaseapphosting.computeRunner","members":["serviceAccount:firebase-app-hosting-compute@dispupteit.iam.gserviceaccount.com"]},{"role":"roles/firebaserules.system","members":["serviceAccount:service-583065816664@firebase-rules.iam.gserviceaccount.com"]},{"role":"roles/firestore.serviceAgent","members":["serviceAccount:service-583065816664@gcp-sa-firestore.iam.gserviceaccount.com"]},{"role":"roles/iam.serviceAccountTokenCreator","members":["serviceAccount:firebase-adminsdk-fbsvc@dispupteit.iam.gserviceaccount.com"]},{"role":"roles/owner","members":["user:mitchell.allen78@gmail.com"]},{"role":"roles/run.serviceAgent","members":["serviceAccount:service-583065816664@serverless-robot-prod.iam.gserviceaccount.com"]},{"role":"roles/storage.objectViewer","members":["serviceAccount:firebase-app-hosting-compute@dispupteit.iam.gserviceaccount.com"]}]}
[info] i  This command links your local project to Firebase App Hosting. You will be able to deploy your web app with `firebase deploy` after setup. 
[debug] [2025-12-18T23:16:14.296Z] Checked if tokens are valid: true, expires at: 1766100973147
[debug] [2025-12-18T23:16:14.297Z] Checked if tokens are valid: true, expires at: 1766100973147
[debug] [2025-12-18T23:16:14.298Z] >>> [apiv2][query] GET https://firebaseapphosting.googleapis.com/v1beta/projects/dispupteit/locations/-/backends 
[debug] [2025-12-18T23:16:14.606Z] <<< [apiv2][status] GET https://firebaseapphosting.googleapis.com/v1beta/projects/dispupteit/locations/-/backends 200
[debug] [2025-12-18T23:16:14.606Z] <<< [apiv2][body] GET https://firebaseapphosting.googleapis.com/v1beta/projects/dispupteit/locations/-/backends {}
[debug] [2025-12-18T23:17:16.775Z] ExitPromptError: User force closed the prompt with SIGINT
    at Interface.sigint (/home/user/.global_modules/lib/node_modules/firebase-tools/node_modules/@inquirer/core/dist/commonjs/lib/create-prompt.js:101:37)
    at Interface.emit (node:events:518:28)
    at [_ttyWrite] [as _ttyWrite] (node:internal/readline/interface:1125:18)
    at ReadStream.onkeypress (node:internal/readline/interface:264:20)
    at ReadStream.emit (node:events:530:35)
    at emitKeys (node:internal/readline/utils:371:14)
    at emitKeys.next (<anonymous>)
    at ReadStream.onData (node:internal/readline/emitKeypressEvents:64:36)
    at ReadStream.emit (node:events:518:28)
    at addChunk (node:internal/streams/readable:561:12)
[error] 
[error] Error: An unexpected error has occurred.
